Build started 2019-05-20 오전 9:52:28.
     1>Project "C:\Users\bok\Documents\GitHub\mathvision2019\src\cpp_template\cpp_template.vcxproj" on node 2 (Build target(s)).
     1>C:\Program Files (x86)\MSBuild\Microsoft.Cpp\v4.0\V120\Microsoft.CppBuild.targets(357,5): warning MSB8004: Output Directory does not end with a trailing slash.  This build instance will add the slash as it is required to allow proper evaluation of the Output Directory.
     1>ClCompile:
         C:\Program Files (x86)\Microsoft Visual Studio 12.0\VC\bin\CL.exe /c /IC:\OpenCV_v3.2.0_32bit\external\OpenCV\include /Zi /nologo /W3 /WX- /sdl /O2 /Oi /Oy- /GL /D WIN32 /D NDEBUG /D _CONSOLE /D _LIB /Gm- /EHsc /MD /GS /Gy /fp:precise /Zc:wchar_t /Zc:forScope /Fo"Release\\" /Fd"Release\vc120.pdb" /Gd /TP /analyze- /errorReport:prompt polygon_demo.cpp
         polygon_demo.cpp
     1>C:\OpenCV_v3.2.0_32bit\external\OpenCV\include\opencv2/core/mat.hpp(1926): warning C4819: The file contains a character that cannot be represented in the current code page (949). Save the file in Unicode format to prevent data loss
     1>C:\OpenCV_v3.2.0_32bit\external\OpenCV\include\opencv2/core/persistence.hpp : warning C4819: The file contains a character that cannot be represented in the current code page (949). Save the file in Unicode format to prevent data loss
     1>C:\OpenCV_v3.2.0_32bit\external\OpenCV\include\opencv2/core/utility.hpp : warning C4819: The file contains a character that cannot be represented in the current code page (949). Save the file in Unicode format to prevent data loss
     1>C:\OpenCV_v3.2.0_32bit\external\OpenCV\include\opencv2/imgproc.hpp : warning C4819: The file contains a character that cannot be represented in the current code page (949). Save the file in Unicode format to prevent data loss
     1>C:\OpenCV_v3.2.0_32bit\external\OpenCV\include\opencv2/imgproc.hpp(617): warning C4819: The file contains a character that cannot be represented in the current code page (949). Save the file in Unicode format to prevent data loss
     1>polygon_demo.cpp(199): warning C4244: '+=' : conversion from 'double' to 'int', possible loss of data
     1>polygon_demo.cpp(213): warning C4018: '<' : signed/unsigned mismatch
     1>polygon_demo.cpp(243): warning C4244: '=' : conversion from 'double' to 'int', possible loss of data
     1>polygon_demo.cpp(325): warning C4018: '<' : signed/unsigned mismatch
     1>polygon_demo.cpp(387): warning C4244: '=' : conversion from 'const int' to 'float', possible loss of data
     1>polygon_demo.cpp(389): warning C4244: '=' : conversion from 'const int' to 'float', possible loss of data
     1>polygon_demo.cpp(415): warning C4244: '=' : conversion from 'const int' to 'float', possible loss of data
     1>polygon_demo.cpp(416): warning C4244: '=' : conversion from 'const int' to 'float', possible loss of data
     1>polygon_demo.cpp(451): warning C4244: '=' : conversion from 'const int' to 'float', possible loss of data
     1>polygon_demo.cpp(453): warning C4244: '=' : conversion from 'const int' to 'float', possible loss of data
     1>polygon_demo.cpp(461): warning C4244: '=' : conversion from 'const int' to 'float', possible loss of data
     1>polygon_demo.cpp(463): warning C4244: '=' : conversion from 'const int' to 'float', possible loss of data
     1>polygon_demo.cpp(464): warning C4244: '=' : conversion from 'double' to 'float', possible loss of data
     1>polygon_demo.cpp(500): warning C4244: '=' : conversion from 'const int' to 'float', possible loss of data
     1>polygon_demo.cpp(502): warning C4244: '=' : conversion from 'const int' to 'float', possible loss of data
     1>polygon_demo.cpp(540): warning C4244: '=' : conversion from 'int' to 'float', possible loss of data
     1>polygon_demo.cpp(551): warning C4244: '=' : conversion from 'float' to 'int', possible loss of data
     1>polygon_demo.cpp(586): warning C4244: '=' : conversion from 'const int' to 'float', possible loss of data
     1>polygon_demo.cpp(587): warning C4244: '=' : conversion from 'const int' to 'float', possible loss of data
     1>polygon_demo.cpp(639): warning C4244: '=' : conversion from 'int' to 'float', possible loss of data
     1>polygon_demo.cpp(653): warning C4244: '=' : conversion from 'float' to 'int', possible loss of data
       Link:
         C:\Program Files (x86)\Microsoft Visual Studio 12.0\VC\bin\link.exe /ERRORREPORT:PROMPT /OUT:"C:\OpenCV_v3.2.0_32bit\bin\cpp_template.exe" /INCREMENTAL:NO /NOLOGO /LIBPATH:C:\OpenCV_v3.2.0_32bit\external\OpenCV\lib opencv_world320.lib /MANIFEST /MANIFESTUAC:"level='asInvoker' uiAccess='false'" /manifest:embed /DEBUG /PDB:"C:\OpenCV_v3.2.0_32bit\bin\cpp_template.pdb" /SUBSYSTEM:CONSOLE /OPT:REF /OPT:ICF /LTCG /TLBID:1 /DYNAMICBASE /NXCOMPAT /IMPLIB:"C:\OpenCV_v3.2.0_32bit\bin\cpp_template.lib" /MACHINE:X86 /SAFESEH Release\polygon_demo.obj
         Release\cpp_template.obj
         Generating code
         Finished generating code
         cpp_template.vcxproj -> C:\OpenCV_v3.2.0_32bit\bin\cpp_template.exe
     1>Done Building Project "C:\Users\bok\Documents\GitHub\mathvision2019\src\cpp_template\cpp_template.vcxproj" (Build target(s)).

Build succeeded.

Time Elapsed 00:00:00.95
